<?xml version="1.0" encoding="UTF-8"?>
<testsuite xmlns:xsi="http://www.w3.org/2001/XMLSchema-instance" xsi:schemaLocation="https://maven.apache.org/surefire/maven-surefire-plugin/xsd/surefire-test-report.xsd" name="dvdlibrary.dao.DVDLibraryDaoFITest" time="0.062" tests="4" errors="0" skipped="0" failures="0">
  <properties>
[...]
</properties>
  <testcase name="testListAllDVD" classname="dvdlibrary.dao.DVDLibraryDaoFITest" time="0.021"/>
  <testcase name="testAddGetDVD" classname="dvdlibrary.dao.DVDLibraryDaoFITest" time="0.003"/>
  <testcase name="testWriteToFile" classname="dvdlibrary.dao.DVDLibraryDaoFITest" time="0.027"/>
  <testcase name="testRemoveDVD" classname="dvdlibrary.dao.DVDLibraryDaoFITest" time="0.005"/>
</testsuite>